qemu-system-x86_64 -cdrom myos.iso -M q35 -serial stdio \
-drive id=disk,file=disk.img,if=none,format=raw \
-device ahci,id=ahci \
-device ide-hd,drive=disk,bus=ahci.0

[KERNEL] GDT initialized.
[VMM] Mapping HHDM: 0 - 0x100000000 (4096 MB)
[HEAP] Initializing Linked List Heap...
[ACPI] RSDP found: revision=0, OEM='6s'
[ACPI] Using RSDT at 0x7fe22cb
[ACPI] RSDT has 5 entries
[ACPI]   Table: FACP at 0x7fe20c3 (len=244)
[ACPI] FADT: PM1a_ctrl=0x604, SCI_INT=9
[ACPI] FADT: century_reg=50, boot_flags=0x0
[ACPI] DSDT at 0x7fe0040 (len=8323)
[ACPI] S5 sleep type: 0x0 (direct)
[ACPI]   Table: APIC at 0x7fe21b7 (len=120)
[ACPI] MADT: LAPIC addr=0xfee00000, flags=0x1
[ACPI]   LAPIC: proc=0 apic=0 enabled
[ACPI]   IOAPIC: id=0 addr=0xfec00000 gsi_base=0
[ACPI]   ISO: bus=0 source=IRQ0 -> GSI2 flags=0x0
[ACPI]   ISO: bus=0 source=IRQ5 -> GSI5 flags=0xd
[ACPI]   ISO: bus=0 source=IRQ9 -> GSI9 flags=0xd
[ACPI]   ISO: bus=0 source=IRQ10 -> GSI10 flags=0xd
[ACPI]   ISO: bus=0 source=IRQ11 -> GSI11 flags=0xd
[ACPI]   NMI source
[ACPI]   Table: HPET at 0x7fe222f (len=56)
[ACPI]   Table: MCFG at 0x7fe2267 (len=60)
[ACPI]   Table: WAET at 0x7fe22a3 (len=40)
[SMP] Detected 1 CPUs
[SMP] CPU 0 is BSP
[LAPIC] Mapped 0xfee00000 -> 0xffff8000fee00000
[LAPIC] Initialized on CPU. Base: 0xffff8000fee00000
[SMP] Initialization complete. All cores waking up...
[IOAPIC] ID=0, Version=0x20, Max IRQs=24
[IOAPIC] PIC disabled, IOAPIC active
[IOAPIC] Timer: IRQ0 -> GSI2 -> Vector 32
[IOAPIC] Keyboard: IRQ1 -> GSI1 -> Vector 33
[IOAPIC] Mouse: IRQ12 -> GSI12 -> Vector 44
[TIMER] PIT initialized at 100 Hz
[SCHED] SMP Scheduler Initialized (Per-CPU Queues).
[LAPIC] Calibrating tiqemu-system-x86_64: terminating on signal 15 from pid 470 (killall)
